2026.01.20 12:12:06 INFO  Started: Metals version 1.6.4 in folders 'C:\Users\EbrimaMbye\Desktop\A_Teaching\binta\FINAL PROJECT - PROGRAMMING II\Hospital_management_System, C:\Users\EbrimaMbye\Desktop\A_Teaching\binta\FINAL PROJECT - PROGRAMMING II\hospital_management_system_old' for client Visual Studio Code 1.108.1.
2026.01.20 12:12:07 WARN  Using H2 2.4.240 which is newer than the version Flyway has been verified with. The latest verified version of H2 is 2.3.232.
2026.01.20 12:12:07 WARN  Using H2 2.4.240 which is newer than the version Flyway has been verified with. The latest verified version of H2 is 2.3.232.
2026.01.20 12:12:07 INFO  Attempting to connect to the build server...
2026.01.20 12:12:07 INFO  Found a Bloop server running
2026.01.20 12:12:08 INFO  tracing is disabled for protocol BSP, to enable tracing of incoming and outgoing JSON messages create an empty file at C:\Users\EbrimaMbye\Desktop\A_Teaching\binta\FINAL PROJECT - PROGRAMMING II\hospital_management_system_old\.metals\bsp.trace.json or C:\Users\EbrimaMbye\AppData\Local\scalameta\metals\cache\bsp.trace.json
2026.01.20 12:12:08 INFO  time: Connected to build server in 1.05s
2026.01.20 12:12:08 INFO  Connected to Build server: Bloop v2.0.17
2026.01.20 12:12:09 INFO  time: Imported build in 0.24s
2026.01.20 12:12:19 WARN  Using H2 2.4.240 which is newer than the version Flyway has been verified with. The latest verified version of H2 is 2.3.232.
2026.01.20 12:12:25 INFO  time: indexed workspace in 16s
2026.01.20 12:12:25 WARN  no build target for: C:\Users\EbrimaMbye\Desktop\A_Teaching\binta\FINAL PROJECT - PROGRAMMING II\hospital_management_system_old\hospital_management_system\src\main\java\com\mamadou\hospital_management_system\controller\DepartmentController.java
2026.01.20 12:12:25 WARN  no build target for: C:\Users\EbrimaMbye\Desktop\A_Teaching\binta\FINAL PROJECT - PROGRAMMING II\hospital_management_system_old\hospital_management_system\src\main\java\com\mamadou\hospital_management_system\model\Department.java
2026.01.20 12:12:25 WARN  no build target for: C:\Users\EbrimaMbye\Desktop\A_Teaching\binta\FINAL PROJECT - PROGRAMMING II\hospital_management_system_old\hospital_management_system\src\main\java\com\mamadou\hospital_management_system\repository\DepartmentRepository.java
2026.01.20 12:12:25 WARN  no build target for: C:\Users\EbrimaMbye\Desktop\A_Teaching\binta\FINAL PROJECT - PROGRAMMING II\hospital_management_system_old\hospital_management_system\src\main\java\com\mamadou\hospital_management_system\service\DepartmentService.java
2026.01.20 12:12:25 WARN  no build target for: C:\Users\EbrimaMbye\Desktop\A_Teaching\binta\FINAL PROJECT - PROGRAMMING II\hospital_management_system_old\hospital_management_system\src\main\java\com\mamadou\hospital_management_system\controller\DepartmentController.java
2026.01.20 12:12:25 WARN  no build target for: C:\Users\EbrimaMbye\Desktop\A_Teaching\binta\FINAL PROJECT - PROGRAMMING II\hospital_management_system_old\hospital_management_system\src\main\java\com\mamadou\hospital_management_system\service\DepartmentService.java
2026.01.20 12:12:25 WARN  no build target for: C:\Users\EbrimaMbye\Desktop\A_Teaching\binta\FINAL PROJECT - PROGRAMMING II\hospital_management_system_old\hospital_management_system\src\main\java\com\mamadou\hospital_management_system\repository\DepartmentRepository.java
2026.01.20 12:12:25 WARN  no build target for: C:\Users\EbrimaMbye\Desktop\A_Teaching\binta\FINAL PROJECT - PROGRAMMING II\hospital_management_system_old\hospital_management_system\src\main\java\com\mamadou\hospital_management_system\model\Department.java
2026.01.20 12:12:26 WARN  Running javac-semanticdb failed for file:///C:/Users/EbrimaMbye/Desktop/A_Teaching/binta/FINAL%20PROJECT%20-%20PROGRAMMING%20II/hospital_management_system_old/hospital_management_system/src/main/java/com/mamadou/hospital_management_system/controller/DepartmentController.java. Output:

2026.01.20 12:12:26 WARN  Running javac-semanticdb failed for file:///C:/Users/EbrimaMbye/Desktop/A_Teaching/binta/FINAL%20PROJECT%20-%20PROGRAMMING%20II/hospital_management_system_old/hospital_management_system/src/main/java/com/mamadou/hospital_management_system/service/DepartmentService.java. Output:

2026.01.20 12:12:26 WARN  Running javac-semanticdb failed for file:///C:/Users/EbrimaMbye/Desktop/A_Teaching/binta/FINAL%20PROJECT%20-%20PROGRAMMING%20II/hospital_management_system_old/hospital_management_system/src/main/java/com/mamadou/hospital_management_system/repository/DepartmentRepository.java. Output:

2026.01.20 12:12:27 WARN  Running javac-semanticdb failed for file:///C:/Users/EbrimaMbye/Desktop/A_Teaching/binta/FINAL%20PROJECT%20-%20PROGRAMMING%20II/hospital_management_system_old/hospital_management_system/src/main/java/com/mamadou/hospital_management_system/model/Department.java. Output:

2026.01.20 12:12:32 WARN  no build target for: C:\Users\EbrimaMbye\Desktop\A_Teaching\binta\FINAL PROJECT - PROGRAMMING II\hospital_management_system_old\hospital_management_system\src\main\java\com\mamadou\hospital_management_system\dto\DepartmentRequest.java
2026.01.20 12:12:32 WARN  no build target for: C:\Users\EbrimaMbye\Desktop\A_Teaching\binta\FINAL PROJECT - PROGRAMMING II\hospital_management_system_old\hospital_management_system\src\main\java\com\mamadou\hospital_management_system\dto\DepartmentResponse.java
2026.01.20 12:12:32 WARN  Running javac-semanticdb failed for file:///C:/Users/EbrimaMbye/Desktop/A_Teaching/binta/FINAL%20PROJECT%20-%20PROGRAMMING%20II/hospital_management_system_old/hospital_management_system/src/main/java/com/mamadou/hospital_management_system/dto/DepartmentRequest.java. Output:

2026.01.20 12:12:32 WARN  no build target for: C:\Users\EbrimaMbye\Desktop\A_Teaching\binta\FINAL PROJECT - PROGRAMMING II\hospital_management_system_old\hospital_management_system\src\main\java\com\mamadou\hospital_management_system\dto\DepartmentDoctorResponse.java
2026.01.20 12:12:32 WARN  Running javac-semanticdb failed for file:///C:/Users/EbrimaMbye/Desktop/A_Teaching/binta/FINAL%20PROJECT%20-%20PROGRAMMING%20II/hospital_management_system_old/hospital_management_system/src/main/java/com/mamadou/hospital_management_system/dto/DepartmentResponse.java. Output:

2026.01.20 12:12:32 WARN  Running javac-semanticdb failed for file:///C:/Users/EbrimaMbye/Desktop/A_Teaching/binta/FINAL%20PROJECT%20-%20PROGRAMMING%20II/hospital_management_system_old/hospital_management_system/src/main/java/com/mamadou/hospital_management_system/dto/DepartmentDoctorResponse.java. Output:

2026.01.20 12:12:45 WARN  no build target for: C:\Users\EbrimaMbye\Desktop\A_Teaching\binta\FINAL PROJECT - PROGRAMMING II\hospital_management_system_old\hospital_management_system\src\main\java\com\mamadou\hospital_management_system\model\Doctor.java
2026.01.20 12:12:45 WARN  Running javac-semanticdb failed for file:///C:/Users/EbrimaMbye/Desktop/A_Teaching/binta/FINAL%20PROJECT%20-%20PROGRAMMING%20II/hospital_management_system_old/hospital_management_system/src/main/java/com/mamadou/hospital_management_system/model/Doctor.java. Output:

2026.01.20 12:12:45 WARN  no build target for: C:\Users\EbrimaMbye\Desktop\A_Teaching\binta\FINAL PROJECT - PROGRAMMING II\hospital_management_system_old\hospital_management_system\src\main\java\com\mamadou\hospital_management_system\repository\DoctorRepository.java
2026.01.20 12:12:45 WARN  Running javac-semanticdb failed for file:///C:/Users/EbrimaMbye/Desktop/A_Teaching/binta/FINAL%20PROJECT%20-%20PROGRAMMING%20II/hospital_management_system_old/hospital_management_system/src/main/java/com/mamadou/hospital_management_system/repository/DoctorRepository.java. Output:

2026.01.20 12:12:45 WARN  no build target for: C:\Users\EbrimaMbye\Desktop\A_Teaching\binta\FINAL PROJECT - PROGRAMMING II\hospital_management_system_old\hospital_management_system\src\main\java\com\mamadou\hospital_management_system\model\User.java
2026.01.20 12:12:45 WARN  Running javac-semanticdb failed for file:///C:/Users/EbrimaMbye/Desktop/A_Teaching/binta/FINAL%20PROJECT%20-%20PROGRAMMING%20II/hospital_management_system_old/hospital_management_system/src/main/java/com/mamadou/hospital_management_system/model/User.java. Output:

2026.01.20 12:12:45 WARN  no build target for: C:\Users\EbrimaMbye\Desktop\A_Teaching\binta\FINAL PROJECT - PROGRAMMING II\Hospital_management_System\hospital_mangement_system\src\main\java\com\group8\hospital_mangement_system\model\User.java
2026.01.20 12:12:45 WARN  no build target for: C:\Users\EbrimaMbye\Desktop\A_Teaching\binta\FINAL PROJECT - PROGRAMMING II\Hospital_management_System\hospital_mangement_system\src\main\java\com\group8\hospital_mangement_system\security\SecurityConfig.java
2026.01.20 12:12:45 WARN  Running javac-semanticdb failed for file:///C:/Users/EbrimaMbye/Desktop/A_Teaching/binta/FINAL%20PROJECT%20-%20PROGRAMMING%20II/Hospital_management_System/hospital_mangement_system/src/main/java/com/group8/hospital_mangement_system/model/User.java. Output:

2026.01.20 12:12:45 WARN  Running javac-semanticdb failed for file:///C:/Users/EbrimaMbye/Desktop/A_Teaching/binta/FINAL%20PROJECT%20-%20PROGRAMMING%20II/Hospital_management_System/hospital_mangement_system/src/main/java/com/group8/hospital_mangement_system/security/SecurityConfig.java. Output:

2026.01.20 12:12:56 WARN  no build target for: C:\Users\EbrimaMbye\Desktop\A_Teaching\binta\FINAL PROJECT - PROGRAMMING II\Hospital_management_System\hospital_mangement_system\src\main\java\com\group8\hospital_mangement_system\controller\UserController.java
2026.01.20 12:12:56 WARN  Running javac-semanticdb failed for file:///C:/Users/EbrimaMbye/Desktop/A_Teaching/binta/FINAL%20PROJECT%20-%20PROGRAMMING%20II/Hospital_management_System/hospital_mangement_system/src/main/java/com/group8/hospital_mangement_system/controller/UserController.java. Output:

2026.01.20 12:12:56 WARN  no build target for: C:\Users\EbrimaMbye\Desktop\A_Teaching\binta\FINAL PROJECT - PROGRAMMING II\Hospital_management_System\hospital_mangement_system\src\main\java\com\group8\hospital_mangement_system\service\UserService.java
2026.01.20 12:12:56 WARN  no build target for: C:\Users\EbrimaMbye\Desktop\A_Teaching\binta\FINAL PROJECT - PROGRAMMING II\Hospital_management_System\hospital_mangement_system\src\main\java\com\group8\hospital_mangement_system\dto\MessageResponse.java
2026.01.20 12:12:56 WARN  Running javac-semanticdb failed for file:///C:/Users/EbrimaMbye/Desktop/A_Teaching/binta/FINAL%20PROJECT%20-%20PROGRAMMING%20II/Hospital_management_System/hospital_mangement_system/src/main/java/com/group8/hospital_mangement_system/service/UserService.java. Output:

2026.01.20 12:12:56 WARN  Running javac-semanticdb failed for file:///C:/Users/EbrimaMbye/Desktop/A_Teaching/binta/FINAL%20PROJECT%20-%20PROGRAMMING%20II/Hospital_management_System/hospital_mangement_system/src/main/java/com/group8/hospital_mangement_system/dto/MessageResponse.java. Output:

2026.01.20 12:13:07 WARN  no build target for: C:\Users\EbrimaMbye\Desktop\A_Teaching\binta\FINAL PROJECT - PROGRAMMING II\Hospital_management_System\hospital_mangement_system\src\main\java\com\group8\hospital_mangement_system\dto\RegisterRequest.java
2026.01.20 12:13:07 WARN  Running javac-semanticdb failed for file:///C:/Users/EbrimaMbye/Desktop/A_Teaching/binta/FINAL%20PROJECT%20-%20PROGRAMMING%20II/Hospital_management_System/hospital_mangement_system/src/main/java/com/group8/hospital_mangement_system/dto/RegisterRequest.java. Output:

2026.01.20 12:14:51 WARN  no build target for: C:\Users\EbrimaMbye\Desktop\A_Teaching\binta\FINAL PROJECT - PROGRAMMING II\Hospital_management_System\hospital_mangement_system\src\main\java\com\group8\hospital_mangement_system\reposotory\UserRepository.java
2026.01.20 12:14:52 WARN  no build target for: C:\Users\EbrimaMbye\Desktop\A_Teaching\binta\FINAL PROJECT - PROGRAMMING II\Hospital_management_System\hospital_mangement_system\src\main\java\com\group8\hospital_mangement_system\security\JwtAuthFilter.java
2026.01.20 12:14:52 WARN  Running javac-semanticdb failed for file:///C:/Users/EbrimaMbye/Desktop/A_Teaching/binta/FINAL%20PROJECT%20-%20PROGRAMMING%20II/Hospital_management_System/hospital_mangement_system/src/main/java/com/group8/hospital_mangement_system/reposotory/UserRepository.java. Output:

2026.01.20 12:14:51 WARN  no build target for: C:\Users\EbrimaMbye\Desktop\A_Teaching\binta\FINAL PROJECT - PROGRAMMING II\Hospital_management_System\hospital_mangement_system\src\main\java\com\group8\hospital_mangement_system\security\jwtService.java
2026.01.20 12:14:52 WARN  Running javac-semanticdb failed for file:///C:/Users/EbrimaMbye/Desktop/A_Teaching/binta/FINAL%20PROJECT%20-%20PROGRAMMING%20II/Hospital_management_System/hospital_mangement_system/src/main/java/com/group8/hospital_mangement_system/security/JwtAuthFilter.java. Output:

2026.01.20 12:14:52 WARN  Running javac-semanticdb failed for file:///C:/Users/EbrimaMbye/Desktop/A_Teaching/binta/FINAL%20PROJECT%20-%20PROGRAMMING%20II/Hospital_management_System/hospital_mangement_system/src/main/java/com/group8/hospital_mangement_system/security/jwtService.java. Output:

2026.01.20 12:15:06 INFO  no build target found for C:\Users\EbrimaMbye\Desktop\A_Teaching\binta\FINAL PROJECT - PROGRAMMING II\hospital_management_system_old\hospital_management_system\src\main\java\com\mamadou\hospital_management_system\model\Department.java. Using fallback presentation compiler.
2026.01.20 12:15:06 INFO  no build target found for C:\Users\EbrimaMbye\Desktop\A_Teaching\binta\FINAL PROJECT - PROGRAMMING II\hospital_management_system_old\hospital_management_system\src\main\java\com\mamadou\hospital_management_system\repository\DepartmentRepository.java. Using fallback presentation compiler.
2026.01.20 12:15:06 INFO  no build target found for C:\Users\EbrimaMbye\Desktop\A_Teaching\binta\FINAL PROJECT - PROGRAMMING II\hospital_management_system_old\hospital_management_system\src\main\java\com\mamadou\hospital_management_system\service\DepartmentService.java. Using fallback presentation compiler.
2026.01.20 12:15:06 INFO  no build target found for C:\Users\EbrimaMbye\Desktop\A_Teaching\binta\FINAL PROJECT - PROGRAMMING II\hospital_management_system_old\hospital_management_system\src\main\java\com\mamadou\hospital_management_system\controller\DepartmentController.java. Using fallback presentation compiler.
2026.01.20 12:15:14 WARN  no build target for: C:\Users\EbrimaMbye\Desktop\A_Teaching\binta\FINAL PROJECT - PROGRAMMING II\Hospital_management_System\hospital_mangement_system\src\main\java\com\group8\hospital_mangement_system\HospitalMangementSystemApplication.java
2026.01.20 12:15:14 WARN  Running javac-semanticdb failed for file:///C:/Users/EbrimaMbye/Desktop/A_Teaching/binta/FINAL%20PROJECT%20-%20PROGRAMMING%20II/Hospital_management_System/hospital_mangement_system/src/main/java/com/group8/hospital_mangement_system/HospitalMangementSystemApplication.java. Output:

2026.01.20 12:15:32 INFO  no build target found for C:\Users\EbrimaMbye\Desktop\A_Teaching\binta\FINAL PROJECT - PROGRAMMING II\hospital_management_system_old\hospital_management_system\src\main\java\com\mamadou\hospital_management_system\dto\DepartmentRequest.java. Using fallback presentation compiler.
2026.01.20 12:15:32 INFO  no build target found for C:\Users\EbrimaMbye\Desktop\A_Teaching\binta\FINAL PROJECT - PROGRAMMING II\hospital_management_system_old\hospital_management_system\src\main\java\com\mamadou\hospital_management_system\dto\DepartmentResponse.java. Using fallback presentation compiler.
2026.01.20 12:15:32 INFO  no build target found for C:\Users\EbrimaMbye\Desktop\A_Teaching\binta\FINAL PROJECT - PROGRAMMING II\hospital_management_system_old\hospital_management_system\src\main\java\com\mamadou\hospital_management_system\dto\DepartmentDoctorResponse.java. Using fallback presentation compiler.
Jan 20, 2026 12:15:43 PM org.eclipse.lsp4j.jsonrpc.services.GenericEndpoint notify
INFO: Unsupported notification method: $/setTrace
Jan 20, 2026 12:15:43 PM org.eclipse.lsp4j.jsonrpc.services.GenericEndpoint notify
INFO: Unsupported notification method: $/setTrace
2026.01.20 12:15:45 INFO  no build target found for C:\Users\EbrimaMbye\Desktop\A_Teaching\binta\FINAL PROJECT - PROGRAMMING II\hospital_management_system_old\hospital_management_system\src\main\java\com\mamadou\hospital_management_system\model\Doctor.java. Using fallback presentation compiler.
2026.01.20 12:15:45 INFO  no build target found for C:\Users\EbrimaMbye\Desktop\A_Teaching\binta\FINAL PROJECT - PROGRAMMING II\hospital_management_system_old\hospital_management_system\src\main\java\com\mamadou\hospital_management_system\repository\DoctorRepository.java. Using fallback presentation compiler.
2026.01.20 12:15:45 INFO  no build target found for C:\Users\EbrimaMbye\Desktop\A_Teaching\binta\FINAL PROJECT - PROGRAMMING II\hospital_management_system_old\hospital_management_system\src\main\java\com\mamadou\hospital_management_system\model\User.java. Using fallback presentation compiler.
2026.01.20 12:15:45 INFO  no build target found for C:\Users\EbrimaMbye\Desktop\A_Teaching\binta\FINAL PROJECT - PROGRAMMING II\Hospital_management_System\hospital_mangement_system\src\main\java\com\group8\hospital_mangement_system\model\User.java. Using fallback presentation compiler.
2026.01.20 12:15:45 INFO  no build target found for C:\Users\EbrimaMbye\Desktop\A_Teaching\binta\FINAL PROJECT - PROGRAMMING II\Hospital_management_System\hospital_mangement_system\src\main\java\com\group8\hospital_mangement_system\security\SecurityConfig.java. Using fallback presentation compiler.
2026.01.20 12:15:56 INFO  no build target found for C:\Users\EbrimaMbye\Desktop\A_Teaching\binta\FINAL PROJECT - PROGRAMMING II\Hospital_management_System\hospital_mangement_system\src\main\java\com\group8\hospital_mangement_system\controller\UserController.java. Using fallback presentation compiler.
2026.01.20 12:15:56 INFO  no build target found for C:\Users\EbrimaMbye\Desktop\A_Teaching\binta\FINAL PROJECT - PROGRAMMING II\Hospital_management_System\hospital_mangement_system\src\main\java\com\group8\hospital_mangement_system\service\UserService.java. Using fallback presentation compiler.
2026.01.20 12:15:56 INFO  no build target found for C:\Users\EbrimaMbye\Desktop\A_Teaching\binta\FINAL PROJECT - PROGRAMMING II\Hospital_management_System\hospital_mangement_system\src\main\java\com\group8\hospital_mangement_system\dto\MessageResponse.java. Using fallback presentation compiler.
2026.01.20 12:16:07 INFO  no build target found for C:\Users\EbrimaMbye\Desktop\A_Teaching\binta\FINAL PROJECT - PROGRAMMING II\Hospital_management_System\hospital_mangement_system\src\main\java\com\group8\hospital_mangement_system\dto\RegisterRequest.java. Using fallback presentation compiler.
2026.01.20 12:16:30 WARN  no build target for: C:\Users\EbrimaMbye\Desktop\A_Teaching\binta\FINAL PROJECT - PROGRAMMING II\Hospital_management_System\hospital_mangement_system\src\test\java\com\group8\hospital_mangement_system\HospitalMangementSystemApplicationTests.java
2026.01.20 12:16:30 WARN  Running javac-semanticdb failed for file:///C:/Users/EbrimaMbye/Desktop/A_Teaching/binta/FINAL%20PROJECT%20-%20PROGRAMMING%20II/Hospital_management_System/hospital_mangement_system/src/test/java/com/group8/hospital_mangement_system/HospitalMangementSystemApplicationTests.java. Output:

2026.01.20 12:16:55 INFO  no build target found for C:\Users\EbrimaMbye\Desktop\A_Teaching\binta\FINAL PROJECT - PROGRAMMING II\Hospital_management_System\hospital_mangement_system\src\test\java\com\group8\hospital_mangement_system\HospitalMangementSystemApplicationTests.java. Using fallback presentation compiler.
2026.01.20 12:17:32 WARN  no build target for: C:\Users\EbrimaMbye\Desktop\A_Teaching\binta\FINAL PROJECT - PROGRAMMING II\Hospital_management_System\hospital_mangement_system\src\main\java\com\group8\hospital_mangement_system\dto\DepartmentRequest.java
2026.01.20 12:17:33 WARN  Running javac-semanticdb failed for file:///C:/Users/EbrimaMbye/Desktop/A_Teaching/binta/FINAL%20PROJECT%20-%20PROGRAMMING%20II/Hospital_management_System/hospital_mangement_system/src/main/java/com/group8/hospital_mangement_system/dto/DepartmentRequest.java. Output:

2026.01.20 12:17:33 INFO  no build target found for C:\Users\EbrimaMbye\Desktop\A_Teaching\binta\FINAL PROJECT - PROGRAMMING II\Hospital_management_System\hospital_mangement_system\src\main\java\com\group8\hospital_mangement_system\dto\DepartmentRequest.java. Using fallback presentation compiler.
2026.01.20 12:17:33 WARN  no build target for: C:\Users\EbrimaMbye\Desktop\A_Teaching\binta\FINAL PROJECT - PROGRAMMING II\Hospital_management_System\hospital_mangement_system\src\main\java\com\group8\hospital_mangement_system\dto\DepartmentResponse.java
2026.01.20 12:17:32 WARN  Running javac-semanticdb failed for file:///C:/Users/EbrimaMbye/Desktop/A_Teaching/binta/FINAL%20PROJECT%20-%20PROGRAMMING%20II/Hospital_management_System/hospital_mangement_system/src/main/java/com/group8/hospital_mangement_system/dto/DepartmentResponse.java. Output:

2026.01.20 12:17:33 INFO  no build target found for C:\Users\EbrimaMbye\Desktop\A_Teaching\binta\FINAL PROJECT - PROGRAMMING II\Hospital_management_System\hospital_mangement_system\src\main\java\com\group8\hospital_mangement_system\dto\DepartmentResponse.java. Using fallback presentation compiler.
2026.01.20 12:17:33 INFO  no build target found for C:\Users\EbrimaMbye\Desktop\A_Teaching\binta\FINAL PROJECT - PROGRAMMING II\Hospital_management_System\hospital_mangement_system\src\main\java\com\group8\hospital_mangement_system\dto\DepartmentRequest.java. Using fallback presentation compiler.
2026.01.20 12:17:33 WARN  no build target for: C:\Users\EbrimaMbye\Desktop\A_Teaching\binta\FINAL PROJECT - PROGRAMMING II\Hospital_management_System\hospital_mangement_system\src\main\java\com\group8\hospital_mangement_system\dto\DepartmentDoctorResponse.java
2026.01.20 12:17:33 WARN  Running javac-semanticdb failed for file:///C:/Users/EbrimaMbye/Desktop/A_Teaching/binta/FINAL%20PROJECT%20-%20PROGRAMMING%20II/Hospital_management_System/hospital_mangement_system/src/main/java/com/group8/hospital_mangement_system/dto/DepartmentDoctorResponse.java. Output:

2026.01.20 12:17:33 INFO  no build target found for C:\Users\EbrimaMbye\Desktop\A_Teaching\binta\FINAL PROJECT - PROGRAMMING II\Hospital_management_System\hospital_mangement_system\src\main\java\com\group8\hospital_mangement_system\dto\DepartmentDoctorResponse.java. Using fallback presentation compiler.
2026.01.20 12:17:33 INFO  no build target found for C:\Users\EbrimaMbye\Desktop\A_Teaching\binta\FINAL PROJECT - PROGRAMMING II\Hospital_management_System\hospital_mangement_system\src\main\java\com\group8\hospital_mangement_system\dto\DepartmentRequest.java. Using fallback presentation compiler.
2026.01.20 12:17:33 INFO  no build target found for C:\Users\EbrimaMbye\Desktop\A_Teaching\binta\FINAL PROJECT - PROGRAMMING II\Hospital_management_System\hospital_mangement_system\src\main\java\com\group8\hospital_mangement_system\dto\DepartmentResponse.java. Using fallback presentation compiler.
2026.01.20 12:17:33 WARN  no build target for: C:\Users\EbrimaMbye\Desktop\A_Teaching\binta\FINAL PROJECT - PROGRAMMING II\Hospital_management_System\hospital_mangement_system\src\main\java\com\group8\hospital_mangement_system\dto\DepartmentRequest.java
2026.01.20 12:17:33 INFO  no build target found for C:\Users\EbrimaMbye\Desktop\A_Teaching\binta\FINAL PROJECT - PROGRAMMING II\Hospital_management_System\hospital_mangement_system\src\main\java\com\group8\hospital_mangement_system\dto\DepartmentDoctorResponse.java. Using fallback presentation compiler.
2026.01.20 12:17:33 WARN  Running javac-semanticdb failed for file:///C:/Users/EbrimaMbye/Desktop/A_Teaching/binta/FINAL%20PROJECT%20-%20PROGRAMMING%20II/Hospital_management_System/hospital_mangement_system/src/main/java/com/group8/hospital_mangement_system/dto/DepartmentRequest.java. Output:

2026.01.20 12:17:33 WARN  no build target for: C:\Users\EbrimaMbye\Desktop\A_Teaching\binta\FINAL PROJECT - PROGRAMMING II\Hospital_management_System\hospital_mangement_system\src\main\java\com\group8\hospital_mangement_system\dto\DepartmentResponse.java
2026.01.20 12:17:33 WARN  no build target for: C:\Users\EbrimaMbye\Desktop\A_Teaching\binta\FINAL PROJECT - PROGRAMMING II\Hospital_management_System\hospital_mangement_system\src\main\java\com\group8\hospital_mangement_system\model\Department.java
2026.01.20 12:17:33 INFO  no build target found for C:\Users\EbrimaMbye\Desktop\A_Teaching\binta\FINAL PROJECT - PROGRAMMING II\Hospital_management_System\hospital_mangement_system\src\main\java\com\group8\hospital_mangement_system\model\Department.java. Using fallback presentation compiler.
2026.01.20 12:17:32 WARN  no build target for: C:\Users\EbrimaMbye\Desktop\A_Teaching\binta\FINAL PROJECT - PROGRAMMING II\Hospital_management_System\hospital_mangement_system\src\main\java\com\group8\hospital_mangement_system\dto\DepartmentDoctorResponse.java
2026.01.20 12:17:33 INFO  no build target found for C:\Users\EbrimaMbye\Desktop\A_Teaching\binta\FINAL PROJECT - PROGRAMMING II\Hospital_management_System\hospital_mangement_system\src\main\java\com\group8\hospital_mangement_system\model\Department.java. Using fallback presentation compiler.
2026.01.20 12:17:33 WARN  no build target for: C:\Users\EbrimaMbye\Desktop\A_Teaching\binta\FINAL PROJECT - PROGRAMMING II\Hospital_management_System\hospital_mangement_system\src\main\java\com\group8\hospital_mangement_system\model\Doctor.java
2026.01.20 12:17:33 WARN  Running javac-semanticdb failed for file:///C:/Users/EbrimaMbye/Desktop/A_Teaching/binta/FINAL%20PROJECT%20-%20PROGRAMMING%20II/Hospital_management_System/hospital_mangement_system/src/main/java/com/group8/hospital_mangement_system/dto/DepartmentResponse.java. Output:

2026.01.20 12:17:33 WARN  Running javac-semanticdb failed for file:///C:/Users/EbrimaMbye/Desktop/A_Teaching/binta/FINAL%20PROJECT%20-%20PROGRAMMING%20II/Hospital_management_System/hospital_mangement_system/src/main/java/com/group8/hospital_mangement_system/model/Department.java. Output:

2026.01.20 12:17:33 WARN  Running javac-semanticdb failed for file:///C:/Users/EbrimaMbye/Desktop/A_Teaching/binta/FINAL%20PROJECT%20-%20PROGRAMMING%20II/Hospital_management_System/hospital_mangement_system/src/main/java/com/group8/hospital_mangement_system/dto/DepartmentDoctorResponse.java. Output:

2026.01.20 12:17:33 WARN  Running javac-semanticdb failed for file:///C:/Users/EbrimaMbye/Desktop/A_Teaching/binta/FINAL%20PROJECT%20-%20PROGRAMMING%20II/Hospital_management_System/hospital_mangement_system/src/main/java/com/group8/hospital_mangement_system/model/Doctor.java. Output:

2026.01.20 12:17:33 INFO  no build target found for C:\Users\EbrimaMbye\Desktop\A_Teaching\binta\FINAL PROJECT - PROGRAMMING II\Hospital_management_System\hospital_mangement_system\src\main\java\com\group8\hospital_mangement_system\model\Doctor.java. Using fallback presentation compiler.
2026.01.20 12:17:33 INFO  no build target found for C:\Users\EbrimaMbye\Desktop\A_Teaching\binta\FINAL PROJECT - PROGRAMMING II\Hospital_management_System\hospital_mangement_system\src\main\java\com\group8\hospital_mangement_system\model\Department.java. Using fallback presentation compiler.
2026.01.20 12:17:33 WARN  no build target for: C:\Users\EbrimaMbye\Desktop\A_Teaching\binta\FINAL PROJECT - PROGRAMMING II\Hospital_management_System\hospital_mangement_system\src\main\java\com\group8\hospital_mangement_system\reposotory\DepartmentRepository.java
2026.01.20 12:17:33 WARN  Running javac-semanticdb failed for file:///C:/Users/EbrimaMbye/Desktop/A_Teaching/binta/FINAL%20PROJECT%20-%20PROGRAMMING%20II/Hospital_management_System/hospital_mangement_system/src/main/java/com/group8/hospital_mangement_system/reposotory/DepartmentRepository.java. Output:

2026.01.20 12:17:33 INFO  no build target found for C:\Users\EbrimaMbye\Desktop\A_Teaching\binta\FINAL PROJECT - PROGRAMMING II\Hospital_management_System\hospital_mangement_system\src\main\java\com\group8\hospital_mangement_system\reposotory\DepartmentRepository.java. Using fallback presentation compiler.
2026.01.20 12:17:33 INFO  no build target found for C:\Users\EbrimaMbye\Desktop\A_Teaching\binta\FINAL PROJECT - PROGRAMMING II\Hospital_management_System\hospital_mangement_system\src\main\java\com\group8\hospital_mangement_system\model\Doctor.java. Using fallback presentation compiler.
2026.01.20 12:17:33 INFO  no build target found for C:\Users\EbrimaMbye\Desktop\A_Teaching\binta\FINAL PROJECT - PROGRAMMING II\Hospital_management_System\hospital_mangement_system\src\main\java\com\group8\hospital_mangement_system\model\Department.java. Using fallback presentation compiler.
2026.01.20 12:17:34 INFO  no build target found for C:\Users\EbrimaMbye\Desktop\A_Teaching\binta\FINAL PROJECT - PROGRAMMING II\Hospital_management_System\hospital_mangement_system\src\main\java\com\group8\hospital_mangement_system\reposotory\DepartmentRepository.java. Using fallback presentation compiler.
2026.01.20 12:17:34 INFO  no build target found for C:\Users\EbrimaMbye\Desktop\A_Teaching\binta\FINAL PROJECT - PROGRAMMING II\Hospital_management_System\hospital_mangement_system\src\main\java\com\group8\hospital_mangement_system\model\Doctor.java. Using fallback presentation compiler.
2026.01.20 12:17:34 INFO  no build target found for C:\Users\EbrimaMbye\Desktop\A_Teaching\binta\FINAL PROJECT - PROGRAMMING II\Hospital_management_System\hospital_mangement_system\src\main\java\com\group8\hospital_mangement_system\model\Department.java. Using fallback presentation compiler.
2026.01.20 12:17:34 WARN  Running javac-semanticdb failed for file:///C:/Users/EbrimaMbye/Desktop/A_Teaching/binta/FINAL%20PROJECT%20-%20PROGRAMMING%20II/Hospital_management_System/hospital_mangement_system/src/main/java/com/group8/hospital_mangement_system/model/Department.java. Output:

2026.01.20 12:17:34 INFO  Created report: Optional[file:///C:/Users/EbrimaMbye/Desktop/A_Teaching/binta/FINAL%20PROJECT%20-%20PROGRAMMING%20II/Hospital_management_System/hospital_mangement_system/src/main/java/com/group8/hospital_mangement_system/model/Department.java]
2026.01.20 12:17:34 INFO  QDox parse error in file:///C:/Users/EbrimaMbye/Desktop/A_Teaching/binta/FINAL%20PROJECT%20-%20PROGRAMMING%20II/Hospital_management_System/hospital_mangement_system/src/main/java/com/group8/hospital_mangement_system/model/Department.java (full report at: "C:\Users\EbrimaMbye\Desktop\A_Teaching\binta\FINAL PROJECT - PROGRAMMING II\Hospital_management_System\.metals\.reports\metals-full\2026-01-20\r_qdox-error_12-17-34-446.md")
2026.01.20 12:17:33 INFO  QDox parse error in file:///C:/Users/EbrimaMbye/Desktop/A_Teaching/binta/FINAL%20PROJECT%20-%20PROGRAMMING%20II/Hospital_management_System/hospital_mangement_system/src/main/java/com/group8/hospital_mangement_system/model/Department.java (full report at: "C:\Users\EbrimaMbye\Desktop\A_Teaching\binta\FINAL PROJECT - PROGRAMMING II\Hospital_management_System\.metals\.reports\metals-full\2026-01-20\r_qdox-error_12-17-34-446.md")
2026.01.20 12:17:34 INFO  no build target found for C:\Users\EbrimaMbye\Desktop\A_Teaching\binta\FINAL PROJECT - PROGRAMMING II\Hospital_management_System\hospital_mangement_system\src\main\java\com\group8\hospital_mangement_system\reposotory\DepartmentRepository.java. Using fallback presentation compiler.
2026.01.20 12:17:33 INFO  no build target found for C:\Users\EbrimaMbye\Desktop\A_Teaching\binta\FINAL PROJECT - PROGRAMMING II\Hospital_management_System\hospital_mangement_system\src\main\java\com\group8\hospital_mangement_system\model\Department.java. Using fallback presentation compiler.
2026.01.20 12:17:34 INFO  no build target found for C:\Users\EbrimaMbye\Desktop\A_Teaching\binta\FINAL PROJECT - PROGRAMMING II\Hospital_management_System\hospital_mangement_system\src\main\java\com\group8\hospital_mangement_system\model\Doctor.java. Using fallback presentation compiler.
2026.01.20 12:17:34 INFO  no build target found for C:\Users\EbrimaMbye\Desktop\A_Teaching\binta\FINAL PROJECT - PROGRAMMING II\Hospital_management_System\hospital_mangement_system\src\main\java\com\group8\hospital_mangement_system\model\Department.java. Using fallback presentation compiler.
2026.01.20 12:17:33 INFO  Created report: Optional[file:///C:/Users/EbrimaMbye/Desktop/A_Teaching/binta/FINAL%20PROJECT%20-%20PROGRAMMING%20II/Hospital_management_System/hospital_mangement_system/src/main/java/com/group8/hospital_mangement_system/model/Department.java]
2026.01.20 12:17:33 INFO  empty definition using pc, found symbol in pc: com/fasterxml/jackson/annotation/JsonIgnore# (full report at: "C:\Users\EbrimaMbye\Desktop\A_Teaching\binta\FINAL PROJECT - PROGRAMMING II\Hospital_management_System\.metals\.reports\metals-full\2026-01-20\r_empty-definition_12-17-34-687.md")
2026.01.20 12:17:34 INFO  no build target found for C:\Users\EbrimaMbye\Desktop\A_Teaching\binta\FINAL PROJECT - PROGRAMMING II\Hospital_management_System\hospital_mangement_system\src\main\java\com\group8\hospital_mangement_system\reposotory\DepartmentRepository.java. Using fallback presentation compiler.
2026.01.20 12:17:34 INFO  no build target found for C:\Users\EbrimaMbye\Desktop\A_Teaching\binta\FINAL PROJECT - PROGRAMMING II\Hospital_management_System\hospital_mangement_system\src\main\java\com\group8\hospital_mangement_system\model\Doctor.java. Using fallback presentation compiler.
2026.01.20 12:17:34 INFO  no build target found for C:\Users\EbrimaMbye\Desktop\A_Teaching\binta\FINAL PROJECT - PROGRAMMING II\Hospital_management_System\hospital_mangement_system\src\main\java\com\group8\hospital_mangement_system\model\Department.java. Using fallback presentation compiler.
2026.01.20 12:17:34 WARN  Running javac-semanticdb failed for file:///C:/Users/EbrimaMbye/Desktop/A_Teaching/binta/FINAL%20PROJECT%20-%20PROGRAMMING%20II/Hospital_management_System/hospital_mangement_system/src/main/java/com/group8/hospital_mangement_system/model/Department.java. Output:

2026.01.20 12:17:34 INFO  no build target found for C:\Users\EbrimaMbye\Desktop\A_Teaching\binta\FINAL PROJECT - PROGRAMMING II\Hospital_management_System\hospital_mangement_system\src\main\java\com\group8\hospital_mangement_system\reposotory\DepartmentRepository.java. Using fallback presentation compiler.
2026.01.20 12:17:35 INFO  no build target found for C:\Users\EbrimaMbye\Desktop\A_Teaching\binta\FINAL PROJECT - PROGRAMMING II\Hospital_management_System\hospital_mangement_system\src\main\java\com\group8\hospital_mangement_system\model\Department.java. Using fallback presentation compiler.
2026.01.20 12:17:34 INFO  no build target found for C:\Users\EbrimaMbye\Desktop\A_Teaching\binta\FINAL PROJECT - PROGRAMMING II\Hospital_management_System\hospital_mangement_system\src\main\java\com\group8\hospital_mangement_system\model\Doctor.java. Using fallback presentation compiler.
2026.01.20 12:17:35 WARN  no build target for: C:\Users\EbrimaMbye\Desktop\A_Teaching\binta\FINAL PROJECT - PROGRAMMING II\Hospital_management_System\hospital_mangement_system\src\main\java\com\group8\hospital_mangement_system\model\Department.java
2026.01.20 12:17:35 WARN  no build target for: C:\Users\EbrimaMbye\Desktop\A_Teaching\binta\FINAL PROJECT - PROGRAMMING II\Hospital_management_System\hospital_mangement_system\src\main\java\com\group8\hospital_mangement_system\reposotory\DoctorRepository.java
2026.01.20 12:17:35 WARN  Running javac-semanticdb failed for file:///C:/Users/EbrimaMbye/Desktop/A_Teaching/binta/FINAL%20PROJECT%20-%20PROGRAMMING%20II/Hospital_management_System/hospital_mangement_system/src/main/java/com/group8/hospital_mangement_system/reposotory/DoctorRepository.java. Output:

2026.01.20 12:17:34 INFO  no build target found for C:\Users\EbrimaMbye\Desktop\A_Teaching\binta\FINAL PROJECT - PROGRAMMING II\Hospital_management_System\hospital_mangement_system\src\main\java\com\group8\hospital_mangement_system\reposotory\DoctorRepository.java. Using fallback presentation compiler.
2026.01.20 12:17:34 INFO  no build target found for C:\Users\EbrimaMbye\Desktop\A_Teaching\binta\FINAL PROJECT - PROGRAMMING II\Hospital_management_System\hospital_mangement_system\src\main\java\com\group8\hospital_mangement_system\reposotory\DepartmentRepository.java. Using fallback presentation compiler.
2026.01.20 12:17:34 INFO  no build target found for C:\Users\EbrimaMbye\Desktop\A_Teaching\binta\FINAL PROJECT - PROGRAMMING II\Hospital_management_System\hospital_mangement_system\src\main\java\com\group8\hospital_mangement_system\model\Doctor.java. Using fallback presentation compiler.
2026.01.20 12:17:34 INFO  no build target found for C:\Users\EbrimaMbye\Desktop\A_Teaching\binta\FINAL PROJECT - PROGRAMMING II\Hospital_management_System\hospital_mangement_system\src\main\java\com\group8\hospital_mangement_system\reposotory\DoctorRepository.java. Using fallback presentation compiler.
2026.01.20 12:17:34 INFO  no build target found for C:\Users\EbrimaMbye\Desktop\A_Teaching\binta\FINAL PROJECT - PROGRAMMING II\Hospital_management_System\hospital_mangement_system\src\main\java\com\group8\hospital_mangement_system\model\Doctor.java. Using fallback presentation compiler.
2026.01.20 12:17:35 INFO  no build target found for C:\Users\EbrimaMbye\Desktop\A_Teaching\binta\FINAL PROJECT - PROGRAMMING II\Hospital_management_System\hospital_mangement_system\src\main\java\com\group8\hospital_mangement_system\reposotory\DoctorRepository.java. Using fallback presentation compiler.
2026.01.20 12:17:35 INFO  no build target found for C:\Users\EbrimaMbye\Desktop\A_Teaching\binta\FINAL PROJECT - PROGRAMMING II\Hospital_management_System\hospital_mangement_system\src\main\java\com\group8\hospital_mangement_system\model\Doctor.java. Using fallback presentation compiler.
2026.01.20 12:17:35 WARN  no build target for: C:\Users\EbrimaMbye\Desktop\A_Teaching\binta\FINAL PROJECT - PROGRAMMING II\Hospital_management_System\hospital_mangement_system\src\main\java\com\group8\hospital_mangement_system\reposotory\DepartmentRepository.java
2026.01.20 12:17:35 INFO  no build target found for C:\Users\EbrimaMbye\Desktop\A_Teaching\binta\FINAL PROJECT - PROGRAMMING II\Hospital_management_System\hospital_mangement_system\src\main\java\com\group8\hospital_mangement_system\model\Doctor.java. Using fallback presentation compiler.
2026.01.20 12:17:35 INFO  no build target found for C:\Users\EbrimaMbye\Desktop\A_Teaching\binta\FINAL PROJECT - PROGRAMMING II\Hospital_management_System\hospital_mangement_system\src\main\java\com\group8\hospital_mangement_system\reposotory\DoctorRepository.java. Using fallback presentation compiler.
2026.01.20 12:17:35 WARN  no build target for: C:\Users\EbrimaMbye\Desktop\A_Teaching\binta\FINAL PROJECT - PROGRAMMING II\Hospital_management_System\hospital_mangement_system\src\main\java\com\group8\hospital_mangement_system\service\DepartmentService.java
2026.01.20 12:17:35 WARN  Running javac-semanticdb failed for file:///C:/Users/EbrimaMbye/Desktop/A_Teaching/binta/FINAL%20PROJECT%20-%20PROGRAMMING%20II/Hospital_management_System/hospital_mangement_system/src/main/java/com/group8/hospital_mangement_system/reposotory/DepartmentRepository.java. Output:

2026.01.20 12:17:35 WARN  Running javac-semanticdb failed for file:///C:/Users/EbrimaMbye/Desktop/A_Teaching/binta/FINAL%20PROJECT%20-%20PROGRAMMING%20II/Hospital_management_System/hospital_mangement_system/src/main/java/com/group8/hospital_mangement_system/service/DepartmentService.java. Output:

2026.01.20 12:17:35 INFO  no build target found for C:\Users\EbrimaMbye\Desktop\A_Teaching\binta\FINAL PROJECT - PROGRAMMING II\Hospital_management_System\hospital_mangement_system\src\main\java\com\group8\hospital_mangement_system\service\DepartmentService.java. Using fallback presentation compiler.
2026.01.20 12:17:35 INFO  no build target found for C:\Users\EbrimaMbye\Desktop\A_Teaching\binta\FINAL PROJECT - PROGRAMMING II\Hospital_management_System\hospital_mangement_system\src\main\java\com\group8\hospital_mangement_system\reposotory\DoctorRepository.java. Using fallback presentation compiler.
2026.01.20 12:17:35 INFO  no build target found for C:\Users\EbrimaMbye\Desktop\A_Teaching\binta\FINAL PROJECT - PROGRAMMING II\Hospital_management_System\hospital_mangement_system\src\main\java\com\group8\hospital_mangement_system\reposotory\DoctorRepository.java. Using fallback presentation compiler.
2026.01.20 12:17:35 INFO  no build target found for C:\Users\EbrimaMbye\Desktop\A_Teaching\binta\FINAL PROJECT - PROGRAMMING II\Hospital_management_System\hospital_mangement_system\src\main\java\com\group8\hospital_mangement_system\service\DepartmentService.java. Using fallback presentation compiler.
2026.01.20 12:17:35 INFO  no build target found for C:\Users\EbrimaMbye\Desktop\A_Teaching\binta\FINAL PROJECT - PROGRAMMING II\Hospital_management_System\hospital_mangement_system\src\main\java\com\group8\hospital_mangement_system\service\DepartmentService.java. Using fallback presentation compiler.
2026.01.20 12:17:35 INFO  no build target found for C:\Users\EbrimaMbye\Desktop\A_Teaching\binta\FINAL PROJECT - PROGRAMMING II\Hospital_management_System\hospital_mangement_system\src\main\java\com\group8\hospital_mangement_system\service\DepartmentService.java. Using fallback presentation compiler.
2026.01.20 12:17:35 INFO  no build target found for C:\Users\EbrimaMbye\Desktop\A_Teaching\binta\FINAL PROJECT - PROGRAMMING II\Hospital_management_System\hospital_mangement_system\src\main\java\com\group8\hospital_mangement_system\service\DepartmentService.java. Using fallback presentation compiler.
2026.01.20 12:17:36 INFO  no build target found for C:\Users\EbrimaMbye\Desktop\A_Teaching\binta\FINAL PROJECT - PROGRAMMING II\Hospital_management_System\hospital_mangement_system\src\main\java\com\group8\hospital_mangement_system\model\Department.java. Using fallback presentation compiler.
2026.01.20 12:17:36 WARN  no build target for: C:\Users\EbrimaMbye\Desktop\A_Teaching\binta\FINAL PROJECT - PROGRAMMING II\Hospital_management_System\hospital_mangement_system\src\main\java\com\group8\hospital_mangement_system\model\Doctor.java
2026.01.20 12:17:36 WARN  no build target for: C:\Users\EbrimaMbye\Desktop\A_Teaching\binta\FINAL PROJECT - PROGRAMMING II\Hospital_management_System\hospital_mangement_system\src\main\java\com\group8\hospital_mangement_system\controller\DepartmentController.java
2026.01.20 12:17:35 INFO  no build target found for C:\Users\EbrimaMbye\Desktop\A_Teaching\binta\FINAL PROJECT - PROGRAMMING II\Hospital_management_System\hospital_mangement_system\src\main\java\com\group8\hospital_mangement_system\controller\DepartmentController.java. Using fallback presentation compiler.
2026.01.20 12:17:36 WARN  Running javac-semanticdb failed for file:///C:/Users/EbrimaMbye/Desktop/A_Teaching/binta/FINAL%20PROJECT%20-%20PROGRAMMING%20II/Hospital_management_System/hospital_mangement_system/src/main/java/com/group8/hospital_mangement_system/model/Doctor.java. Output:

2026.01.20 12:17:36 WARN  Running javac-semanticdb failed for file:///C:/Users/EbrimaMbye/Desktop/A_Teaching/binta/FINAL%20PROJECT%20-%20PROGRAMMING%20II/Hospital_management_System/hospital_mangement_system/src/main/java/com/group8/hospital_mangement_system/controller/DepartmentController.java. Output:

2026.01.20 12:17:36 WARN  no build target for: C:\Users\EbrimaMbye\Desktop\A_Teaching\binta\FINAL PROJECT - PROGRAMMING II\Hospital_management_System\hospital_mangement_system\src\main\java\com\group8\hospital_mangement_system\reposotory\DoctorRepository.java
2026.01.20 12:17:36 INFO  no build target found for C:\Users\EbrimaMbye\Desktop\A_Teaching\binta\FINAL PROJECT - PROGRAMMING II\Hospital_management_System\hospital_mangement_system\src\main\java\com\group8\hospital_mangement_system\controller\DepartmentController.java. Using fallback presentation compiler.
2026.01.20 12:17:36 WARN  Running javac-semanticdb failed for file:///C:/Users/EbrimaMbye/Desktop/A_Teaching/binta/FINAL%20PROJECT%20-%20PROGRAMMING%20II/Hospital_management_System/hospital_mangement_system/src/main/java/com/group8/hospital_mangement_system/reposotory/DoctorRepository.java. Output:

2026.01.20 12:17:36 INFO  no build target found for C:\Users\EbrimaMbye\Desktop\A_Teaching\binta\FINAL PROJECT - PROGRAMMING II\Hospital_management_System\hospital_mangement_system\src\main\java\com\group8\hospital_mangement_system\service\DepartmentService.java. Using fallback presentation compiler.
2026.01.20 12:17:36 INFO  no build target found for C:\Users\EbrimaMbye\Desktop\A_Teaching\binta\FINAL PROJECT - PROGRAMMING II\Hospital_management_System\hospital_mangement_system\src\main\java\com\group8\hospital_mangement_system\model\Department.java. Using fallback presentation compiler.
2026.01.20 12:17:36 INFO  no build target found for C:\Users\EbrimaMbye\Desktop\A_Teaching\binta\FINAL PROJECT - PROGRAMMING II\Hospital_management_System\hospital_mangement_system\src\main\java\com\group8\hospital_mangement_system\controller\DepartmentController.java. Using fallback presentation compiler.
2026.01.20 12:17:36 INFO  no build target found for C:\Users\EbrimaMbye\Desktop\A_Teaching\binta\FINAL PROJECT - PROGRAMMING II\Hospital_management_System\hospital_mangement_system\src\main\java\com\group8\hospital_mangement_system\service\DepartmentService.java. Using fallback presentation compiler.
2026.01.20 12:17:36 INFO  no build target found for C:\Users\EbrimaMbye\Desktop\A_Teaching\binta\FINAL PROJECT - PROGRAMMING II\Hospital_management_System\hospital_mangement_system\src\main\java\com\group8\hospital_mangement_system\model\Department.java. Using fallback presentation compiler.
2026.01.20 12:17:36 INFO  Created report: Optional[file:///C:/Users/EbrimaMbye/Desktop/A_Teaching/binta/FINAL%20PROJECT%20-%20PROGRAMMING%20II/Hospital_management_System/hospital_mangement_system/src/main/java/com/group8/hospital_mangement_system/model/Department.java]
2026.01.20 12:17:36 INFO  empty definition using pc, found symbol in pc: jakarta/validation/constraints/NotBlank# (full report at: "C:\Users\EbrimaMbye\Desktop\A_Teaching\binta\FINAL PROJECT - PROGRAMMING II\Hospital_management_System\.metals\.reports\metals-full\2026-01-20\r_empty-definition_12-17-37-176.md")
2026.01.20 12:17:37 INFO  no build target found for C:\Users\EbrimaMbye\Desktop\A_Teaching\binta\FINAL PROJECT - PROGRAMMING II\Hospital_management_System\hospital_mangement_system\src\main\java\com\group8\hospital_mangement_system\controller\DepartmentController.java. Using fallback presentation compiler.
2026.01.20 12:17:37 INFO  no build target found for C:\Users\EbrimaMbye\Desktop\A_Teaching\binta\FINAL PROJECT - PROGRAMMING II\Hospital_management_System\hospital_mangement_system\src\main\java\com\group8\hospital_mangement_system\service\DepartmentService.java. Using fallback presentation compiler.
2026.01.20 12:17:37 WARN  no build target for: C:\Users\EbrimaMbye\Desktop\A_Teaching\binta\FINAL PROJECT - PROGRAMMING II\Hospital_management_System\hospital_mangement_system\src\main\java\com\group8\hospital_mangement_system\service\DepartmentService.java
2026.01.20 12:17:37 WARN  no build target for: C:\Users\EbrimaMbye\Desktop\A_Teaching\binta\FINAL PROJECT - PROGRAMMING II\Hospital_management_System\hospital_mangement_system\src\main\java\com\group8\hospital_mangement_system\controller\DepartmentController.java
2026.01.20 12:17:37 INFO  no build target found for C:\Users\EbrimaMbye\Desktop\A_Teaching\binta\FINAL PROJECT - PROGRAMMING II\Hospital_management_System\hospital_mangement_system\src\main\java\com\group8\hospital_mangement_system\model\Department.java. Using fallback presentation compiler.
2026.01.20 12:17:38 WARN  Running javac-semanticdb failed for file:///C:/Users/EbrimaMbye/Desktop/A_Teaching/binta/FINAL%20PROJECT%20-%20PROGRAMMING%20II/Hospital_management_System/hospital_mangement_system/src/main/java/com/group8/hospital_mangement_system/service/DepartmentService.java. Output:

2026.01.20 12:17:38 WARN  Running javac-semanticdb failed for file:///C:/Users/EbrimaMbye/Desktop/A_Teaching/binta/FINAL%20PROJECT%20-%20PROGRAMMING%20II/Hospital_management_System/hospital_mangement_system/src/main/java/com/group8/hospital_mangement_system/controller/DepartmentController.java. Output:

2026.01.20 12:17:38 INFO  no build target found for C:\Users\EbrimaMbye\Desktop\A_Teaching\binta\FINAL PROJECT - PROGRAMMING II\Hospital_management_System\hospital_mangement_system\src\main\java\com\group8\hospital_mangement_system\model\Department.java. Using fallback presentation compiler.
2026.01.20 12:17:40 INFO  no build target found for C:\Users\EbrimaMbye\Desktop\A_Teaching\binta\FINAL PROJECT - PROGRAMMING II\Hospital_management_System\hospital_mangement_system\src\main\java\com\group8\hospital_mangement_system\model\Department.java. Using fallback presentation compiler.
2026.01.20 12:17:40 INFO  Created report: Optional[file:///C:/Users/EbrimaMbye/Desktop/A_Teaching/binta/FINAL%20PROJECT%20-%20PROGRAMMING%20II/Hospital_management_System/hospital_mangement_system/src/main/java/com/group8/hospital_mangement_system/model/Department.java]
2026.01.20 12:17:40 INFO  empty definition using pc, found symbol in pc: lombok/Data# (full report at: "C:\Users\EbrimaMbye\Desktop\A_Teaching\binta\FINAL PROJECT - PROGRAMMING II\Hospital_management_System\.metals\.reports\metals-full\2026-01-20\r_empty-definition_12-17-41-250.md")
2026.01.20 12:17:48 INFO  no build target found for C:\Users\EbrimaMbye\Desktop\A_Teaching\binta\FINAL PROJECT - PROGRAMMING II\Hospital_management_System\hospital_mangement_system\src\main\java\com\group8\hospital_mangement_system\model\Department.java. Using fallback presentation compiler.
2026.01.20 12:17:48 INFO  Created report: Optional[file:///C:/Users/EbrimaMbye/Desktop/A_Teaching/binta/FINAL%20PROJECT%20-%20PROGRAMMING%20II/Hospital_management_System/hospital_mangement_system/src/main/java/com/group8/hospital_mangement_system/model/Department.java]
2026.01.20 12:17:48 INFO  empty definition using pc, found symbol in pc: java/util/List# (full report at: "C:\Users\EbrimaMbye\Desktop\A_Teaching\binta\FINAL PROJECT - PROGRAMMING II\Hospital_management_System\.metals\.reports\metals-full\2026-01-20\r_empty-definition_12-17-48-214.md")
2026.01.20 12:17:50 INFO  no build target found for C:\Users\EbrimaMbye\Desktop\A_Teaching\binta\FINAL PROJECT - PROGRAMMING II\Hospital_management_System\hospital_mangement_system\src\main\java\com\group8\hospital_mangement_system\model\Department.java. Using fallback presentation compiler.
2026.01.20 12:17:51 INFO  no build target found for C:\Users\EbrimaMbye\Desktop\A_Teaching\binta\FINAL PROJECT - PROGRAMMING II\Hospital_management_System\hospital_mangement_system\src\main\java\com\group8\hospital_mangement_system\reposotory\UserRepository.java. Using fallback presentation compiler.
2026.01.20 12:17:51 INFO  no build target found for C:\Users\EbrimaMbye\Desktop\A_Teaching\binta\FINAL PROJECT - PROGRAMMING II\Hospital_management_System\hospital_mangement_system\src\main\java\com\group8\hospital_mangement_system\security\JwtAuthFilter.java. Using fallback presentation compiler.
2026.01.20 12:17:51 INFO  no build target found for C:\Users\EbrimaMbye\Desktop\A_Teaching\binta\FINAL PROJECT - PROGRAMMING II\Hospital_management_System\hospital_mangement_system\src\main\java\com\group8\hospital_mangement_system\security\jwtService.java. Using fallback presentation compiler.
2026.01.20 12:17:53 INFO  no build target found for C:\Users\EbrimaMbye\Desktop\A_Teaching\binta\FINAL PROJECT - PROGRAMMING II\Hospital_management_System\hospital_mangement_system\src\main\java\com\group8\hospital_mangement_system\model\Department.java. Using fallback presentation compiler.
2026.01.20 12:17:53 INFO  no build target found for C:\Users\EbrimaMbye\Desktop\A_Teaching\binta\FINAL PROJECT - PROGRAMMING II\Hospital_management_System\hospital_mangement_system\src\main\java\com\group8\hospital_mangement_system\model\Department.java. Using fallback presentation compiler.
2026.01.20 12:18:10 INFO  no build target found for C:\Users\EbrimaMbye\Desktop\A_Teaching\binta\FINAL PROJECT - PROGRAMMING II\Hospital_management_System\hospital_mangement_system\src\main\java\com\group8\hospital_mangement_system\model\Department.java. Using fallback presentation compiler.
2026.01.20 12:18:10 INFO  no build target found for C:\Users\EbrimaMbye\Desktop\A_Teaching\binta\FINAL PROJECT - PROGRAMMING II\Hospital_management_System\hospital_mangement_system\src\main\java\com\group8\hospital_mangement_system\model\Department.java. Using fallback presentation compiler.
2026.01.20 12:18:14 INFO  no build target found for C:\Users\EbrimaMbye\Desktop\A_Teaching\binta\FINAL PROJECT - PROGRAMMING II\Hospital_management_System\hospital_mangement_system\src\main\java\com\group8\hospital_mangement_system\HospitalMangementSystemApplication.java. Using fallback presentation compiler.
2026.01.20 12:19:30 INFO  no build target found for C:\Users\EbrimaMbye\Desktop\A_Teaching\binta\FINAL PROJECT - PROGRAMMING II\Hospital_management_System\hospital_mangement_system\src\test\java\com\group8\hospital_mangement_system\HospitalMangementSystemApplicationTests.java. Using fallback presentation compiler.
2026.01.20 12:19:56 INFO  no build target found for C:\Users\EbrimaMbye\Desktop\A_Teaching\binta\FINAL PROJECT - PROGRAMMING II\Hospital_management_System\hospital_mangement_system\src\main\java\com\group8\hospital_mangement_system\service\DepartmentService.java. Using fallback presentation compiler.
2026.01.20 12:19:56 INFO  no build target found for C:\Users\EbrimaMbye\Desktop\A_Teaching\binta\FINAL PROJECT - PROGRAMMING II\Hospital_management_System\hospital_mangement_system\src\main\java\com\group8\hospital_mangement_system\dto\DepartmentDoctorResponse.java. Using fallback presentation compiler.
2026.01.20 12:19:56 INFO  no build target found for C:\Users\EbrimaMbye\Desktop\A_Teaching\binta\FINAL PROJECT - PROGRAMMING II\Hospital_management_System\hospital_mangement_system\src\main\java\com\group8\hospital_mangement_system\controller\DepartmentController.java. Using fallback presentation compiler.
2026.01.20 12:19:56 INFO  no build target found for C:\Users\EbrimaMbye\Desktop\A_Teaching\binta\FINAL PROJECT - PROGRAMMING II\Hospital_management_System\hospital_mangement_system\src\main\java\com\group8\hospital_mangement_system\dto\DepartmentRequest.java. Using fallback presentation compiler.
2026.01.20 12:19:56 INFO  no build target found for C:\Users\EbrimaMbye\Desktop\A_Teaching\binta\FINAL PROJECT - PROGRAMMING II\Hospital_management_System\hospital_mangement_system\src\main\java\com\group8\hospital_mangement_system\dto\DepartmentResponse.java. Using fallback presentation compiler.
2026.01.20 12:19:58 WARN  no build target for: C:\Users\EbrimaMbye\Desktop\A_Teaching\binta\FINAL PROJECT - PROGRAMMING II\Hospital_management_System\hospital_mangement_system\src\main\java\com\group8\hospital_mangement_system\model\Department.java
2026.01.20 12:19:58 WARN  no build target for: C:\Users\EbrimaMbye\Desktop\A_Teaching\binta\FINAL PROJECT - PROGRAMMING II\Hospital_management_System\hospital_mangement_system\src\main\java\com\group8\hospital_mangement_system\reposotory\DepartmentRepository.java
2026.01.20 12:19:58 WARN  no build target for: C:\Users\EbrimaMbye\Desktop\A_Teaching\binta\FINAL PROJECT - PROGRAMMING II\Hospital_management_System\hospital_mangement_system\src\main\java\com\group8\hospital_mangement_system\controller\DepartmentController.java
2026.01.20 12:19:58 INFO  no build target found for C:\Users\EbrimaMbye\Desktop\A_Teaching\binta\FINAL PROJECT - PROGRAMMING II\Hospital_management_System\hospital_mangement_system\src\main\java\com\group8\hospital_mangement_system\controller\DepartmentController.java. Using fallback presentation compiler.
2026.01.20 12:20:09 WARN  Running javac-semanticdb failed for file:///C:/Users/EbrimaMbye/Desktop/A_Teaching/binta/FINAL%20PROJECT%20-%20PROGRAMMING%20II/Hospital_management_System/hospital_mangement_system/src/main/java/com/group8/hospital_mangement_system/controller/DepartmentController.java. Output:

2026.01.20 12:20:09 INFO  no build target found for C:\Users\EbrimaMbye\Desktop\A_Teaching\binta\FINAL PROJECT - PROGRAMMING II\Hospital_management_System\hospital_mangement_system\src\main\java\com\group8\hospital_mangement_system\controller\DepartmentController.java. Using fallback presentation compiler.
2026.01.20 12:20:09 INFO  no build target found for C:\Users\EbrimaMbye\Desktop\A_Teaching\binta\FINAL PROJECT - PROGRAMMING II\Hospital_management_System\hospital_mangement_system\src\main\java\com\group8\hospital_mangement_system\controller\DepartmentController.java. Using fallback presentation compiler.
2026.01.20 12:20:09 WARN  no build target for: C:\Users\EbrimaMbye\Desktop\A_Teaching\binta\FINAL PROJECT - PROGRAMMING II\Hospital_management_System\hospital_mangement_system\src\main\java\com\group8\hospital_mangement_system\service\DepartmentService.java
2026.01.20 12:20:09 WARN  no build target for: C:\Users\EbrimaMbye\Desktop\A_Teaching\binta\FINAL PROJECT - PROGRAMMING II\Hospital_management_System\hospital_mangement_system\src\main\java\com\group8\hospital_mangement_system\model\Doctor.java
Jan 20, 2026 12:20:09 PM org.eclipse.lsp4j.jsonrpc.RemoteEndpoint handleCancellation
WARNING: Unmatched cancel notification for request id 36
2026.01.20 12:20:09 WARN  no build target for: C:\Users\EbrimaMbye\Desktop\A_Teaching\binta\FINAL PROJECT - PROGRAMMING II\Hospital_management_System\hospital_mangement_system\src\main\java\com\group8\hospital_mangement_system\reposotory\DoctorRepository.java
2026.01.20 12:20:09 WARN  no build target for: C:\Users\EbrimaMbye\Desktop\A_Teaching\binta\FINAL PROJECT - PROGRAMMING II\Hospital_management_System\hospital_mangement_system\src\main\java\com\group8\hospital_mangement_system\dto\DepartmentDoctorResponse.java
2026.01.20 12:20:09 WARN  no build target for: C:\Users\EbrimaMbye\Desktop\A_Teaching\binta\FINAL PROJECT - PROGRAMMING II\Hospital_management_System\hospital_mangement_system\src\main\java\com\group8\hospital_mangement_system\controller\DepartmentController.java
2026.01.20 12:20:09 WARN  no build target for: C:\Users\EbrimaMbye\Desktop\A_Teaching\binta\FINAL PROJECT - PROGRAMMING II\Hospital_management_System\hospital_mangement_system\src\main\java\com\group8\hospital_mangement_system\dto\DepartmentRequest.java
2026.01.20 12:20:09 WARN  no build target for: C:\Users\EbrimaMbye\Desktop\A_Teaching\binta\FINAL PROJECT - PROGRAMMING II\Hospital_management_System\hospital_mangement_system\src\main\java\com\group8\hospital_mangement_system\dto\DepartmentResponse.java
2026.01.20 12:20:09 INFO  Created report: Optional[file:///C:/Users/EbrimaMbye/Desktop/A_Teaching/binta/FINAL%20PROJECT%20-%20PROGRAMMING%20II/Hospital_management_System/hospital_mangement_system/src/main/java/com/group8/hospital_mangement_system/controller/DepartmentController.java]
Jan 20, 2026 12:20:09 PM org.eclipse.lsp4j.jsonrpc.RemoteEndpoint handleCancellation
WARNING: Unmatched cancel notification for request id 41
2026.01.20 12:20:09 INFO  no build target found for C:\Users\EbrimaMbye\Desktop\A_Teaching\binta\FINAL PROJECT - PROGRAMMING II\Hospital_management_System\hospital_mangement_system\src\main\java\com\group8\hospital_mangement_system\controller\DepartmentController.java. Using fallback presentation compiler.
Jan 20, 2026 12:20:10 PM org.eclipse.lsp4j.jsonrpc.RemoteEndpoint handleCancellation
WARNING: Unmatched cancel notification for request id 42
Jan 20, 2026 12:20:10 PM org.eclipse.lsp4j.jsonrpc.RemoteEndpoint handleCancellation
WARNING: Unmatched cancel notification for request id 43
2026.01.20 12:20:09 INFO  no build target found for C:\Users\EbrimaMbye\Desktop\A_Teaching\binta\FINAL PROJECT - PROGRAMMING II\Hospital_management_System\hospital_mangement_system\src\main\java\com\group8\hospital_mangement_system\controller\DepartmentController.java. Using fallback presentation compiler.
2026.01.20 12:20:09 INFO  empty definition using pc, found symbol in pc: com/group8/hospital_mangement_system/dto/DepartmentDoctorResponse# (full report at: "C:\Users\EbrimaMbye\Desktop\A_Teaching\binta\FINAL PROJECT - PROGRAMMING II\Hospital_management_System\.metals\.reports\metals-full\2026-01-20\r_empty-definition_12-20-09-944.md")
2026.01.20 12:20:09 INFO  no build target found for C:\Users\EbrimaMbye\Desktop\A_Teaching\binta\FINAL PROJECT - PROGRAMMING II\Hospital_management_System\hospital_mangement_system\src\main\java\com\group8\hospital_mangement_system\controller\DepartmentController.java. Using fallback presentation compiler.
2026.01.20 12:20:10 WARN  Running javac-semanticdb failed for file:///C:/Users/EbrimaMbye/Desktop/A_Teaching/binta/FINAL%20PROJECT%20-%20PROGRAMMING%20II/Hospital_management_System/hospital_mangement_system/src/main/java/com/group8/hospital_mangement_system/service/DepartmentService.java. Output:

Jan 20, 2026 12:20:10 PM org.eclipse.lsp4j.jsonrpc.RemoteEndpoint handleCancellation
WARNING: Unmatched cancel notification for request id 45
Jan 20, 2026 12:20:10 PM org.eclipse.lsp4j.jsonrpc.RemoteEndpoint handleCancellation
WARNING: Unmatched cancel notification for request id 38
2026.01.20 12:20:10 WARN  Running javac-semanticdb failed for file:///C:/Users/EbrimaMbye/Desktop/A_Teaching/binta/FINAL%20PROJECT%20-%20PROGRAMMING%20II/Hospital_management_System/hospital_mangement_system/src/main/java/com/group8/hospital_mangement_system/dto/DepartmentDoctorResponse.java. Output:

2026.01.20 12:20:11 WARN  Running javac-semanticdb failed for file:///C:/Users/EbrimaMbye/Desktop/A_Teaching/binta/FINAL%20PROJECT%20-%20PROGRAMMING%20II/Hospital_management_System/hospital_mangement_system/src/main/java/com/group8/hospital_mangement_system/dto/DepartmentRequest.java. Output:

2026.01.20 12:20:11 WARN  Running javac-semanticdb failed for file:///C:/Users/EbrimaMbye/Desktop/A_Teaching/binta/FINAL%20PROJECT%20-%20PROGRAMMING%20II/Hospital_management_System/hospital_mangement_system/src/main/java/com/group8/hospital_mangement_system/dto/DepartmentResponse.java. Output:

2026.01.20 12:20:11 INFO  time: code lens generation in 1.08s
2026.01.20 12:20:10 INFO  no build target found for C:\Users\EbrimaMbye\Desktop\A_Teaching\binta\FINAL PROJECT - PROGRAMMING II\Hospital_management_System\hospital_mangement_system\src\main\java\com\group8\hospital_mangement_system\controller\DepartmentController.java. Using fallback presentation compiler.
2026.01.20 12:20:12 INFO  Created report: Optional[file:///C:/Users/EbrimaMbye/Desktop/A_Teaching/binta/FINAL%20PROJECT%20-%20PROGRAMMING%20II/Hospital_management_System/hospital_mangement_system/src/main/java/com/group8/hospital_mangement_system/controller/DepartmentController.java]
2026.01.20 12:20:12 INFO  empty definition using pc, found symbol in pc: com/group8/hospital_mangement_system/dto/DepartmentRequest# (full report at: "C:\Users\EbrimaMbye\Desktop\A_Teaching\binta\FINAL PROJECT - PROGRAMMING II\Hospital_management_System\.metals\.reports\metals-full\2026-01-20\r_empty-definition_12-20-12-504.md")
2026.01.20 12:20:12 INFO  no build target found for C:\Users\EbrimaMbye\Desktop\A_Teaching\binta\FINAL PROJECT - PROGRAMMING II\Hospital_management_System\hospital_mangement_system\src\main\java\com\group8\hospital_mangement_system\controller\DepartmentController.java. Using fallback presentation compiler.
2026.01.20 12:20:12 INFO  Created report: Optional[file:///C:/Users/EbrimaMbye/Desktop/A_Teaching/binta/FINAL%20PROJECT%20-%20PROGRAMMING%20II/Hospital_management_System/hospital_mangement_system/src/main/java/com/group8/hospital_mangement_system/controller/DepartmentController.java]
2026.01.20 12:20:12 INFO  empty definition using pc, found symbol in pc: com/group8/hospital_mangement_system/dto/DepartmentResponse# (full report at: "C:\Users\EbrimaMbye\Desktop\A_Teaching\binta\FINAL PROJECT - PROGRAMMING II\Hospital_management_System\.metals\.reports\metals-full\2026-01-20\r_empty-definition_12-20-12-800.md")
2026.01.20 12:20:12 INFO  no build target found for C:\Users\EbrimaMbye\Desktop\A_Teaching\binta\FINAL PROJECT - PROGRAMMING II\Hospital_management_System\hospital_mangement_system\src\main\java\com\group8\hospital_mangement_system\controller\DepartmentController.java. Using fallback presentation compiler.
2026.01.20 12:20:12 INFO  Created report: Optional[file:///C:/Users/EbrimaMbye/Desktop/A_Teaching/binta/FINAL%20PROJECT%20-%20PROGRAMMING%20II/Hospital_management_System/hospital_mangement_system/src/main/java/com/group8/hospital_mangement_system/controller/DepartmentController.java]
2026.01.20 12:20:12 INFO  empty definition using pc, found symbol in pc: com/group8/hospital_mangement_system/dto/MessageResponse# (full report at: "C:\Users\EbrimaMbye\Desktop\A_Teaching\binta\FINAL PROJECT - PROGRAMMING II\Hospital_management_System\.metals\.reports\metals-full\2026-01-20\r_empty-definition_12-20-13-387.md")
2026.01.20 12:20:12 INFO  no build target found for C:\Users\EbrimaMbye\Desktop\A_Teaching\binta\FINAL PROJECT - PROGRAMMING II\Hospital_management_System\hospital_mangement_system\src\main\java\com\group8\hospital_mangement_system\controller\DepartmentController.java. Using fallback presentation compiler.
2026.01.20 12:20:13 INFO  Created report: Optional[file:///C:/Users/EbrimaMbye/Desktop/A_Teaching/binta/FINAL%20PROJECT%20-%20PROGRAMMING%20II/Hospital_management_System/hospital_mangement_system/src/main/java/com/group8/hospital_mangement_system/controller/DepartmentController.java]
2026.01.20 12:20:13 INFO  empty definition using pc, found symbol in pc: com/group8/hospital_mangement_system/service/DepartmentService# (full report at: "C:\Users\EbrimaMbye\Desktop\A_Teaching\binta\FINAL PROJECT - PROGRAMMING II\Hospital_management_System\.metals\.reports\metals-full\2026-01-20\r_empty-definition_12-20-13-829.md")
2026.01.20 12:20:14 INFO  no build target found for C:\Users\EbrimaMbye\Desktop\A_Teaching\binta\FINAL PROJECT - PROGRAMMING II\Hospital_management_System\hospital_mangement_system\src\main\java\com\group8\hospital_mangement_system\controller\DepartmentController.java. Using fallback presentation compiler.
2026.01.20 12:20:14 INFO  Created report: Optional[file:///C:/Users/EbrimaMbye/Desktop/A_Teaching/binta/FINAL%20PROJECT%20-%20PROGRAMMING%20II/Hospital_management_System/hospital_mangement_system/src/main/java/com/group8/hospital_mangement_system/controller/DepartmentController.java]
2026.01.20 12:20:14 INFO  empty definition using pc, found symbol in pc: jakarta/validation/Valid# (full report at: "C:\Users\EbrimaMbye\Desktop\A_Teaching\binta\FINAL PROJECT - PROGRAMMING II\Hospital_management_System\.metals\.reports\metals-full\2026-01-20\r_empty-definition_12-20-14-350.md")
2026.01.20 12:20:13 INFO  no build target found for C:\Users\EbrimaMbye\Desktop\A_Teaching\binta\FINAL PROJECT - PROGRAMMING II\Hospital_management_System\hospital_mangement_system\src\main\java\com\group8\hospital_mangement_system\controller\DepartmentController.java. Using fallback presentation compiler.
2026.01.20 12:20:15 INFO  no build target found for C:\Users\EbrimaMbye\Desktop\A_Teaching\binta\FINAL PROJECT - PROGRAMMING II\Hospital_management_System\hospital_mangement_system\src\main\java\com\group8\hospital_mangement_system\controller\DepartmentController.java. Using fallback presentation compiler.
2026.01.20 12:20:15 INFO  Created report: Optional[file:///C:/Users/EbrimaMbye/Desktop/A_Teaching/binta/FINAL%20PROJECT%20-%20PROGRAMMING%20II/Hospital_management_System/hospital_mangement_system/src/main/java/com/group8/hospital_mangement_system/controller/DepartmentController.java]
2026.01.20 12:20:15 INFO  empty definition using pc, found symbol in pc: lombok/RequiredArgsConstructor# (full report at: "C:\Users\EbrimaMbye\Desktop\A_Teaching\binta\FINAL PROJECT - PROGRAMMING II\Hospital_management_System\.metals\.reports\metals-full\2026-01-20\r_empty-definition_12-20-16-260.md")
2026.01.20 12:20:16 INFO  no build target found for C:\Users\EbrimaMbye\Desktop\A_Teaching\binta\FINAL PROJECT - PROGRAMMING II\Hospital_management_System\hospital_mangement_system\src\main\java\com\group8\hospital_mangement_system\controller\DepartmentController.java. Using fallback presentation compiler.
2026.01.20 12:20:19 INFO  Created report: Optional[file:///C:/Users/EbrimaMbye/Desktop/A_Teaching/binta/FINAL%20PROJECT%20-%20PROGRAMMING%20II/Hospital_management_System/hospital_mangement_system/src/main/java/com/group8/hospital_mangement_system/controller/DepartmentController.java]
2026.01.20 12:20:19 INFO  empty definition using pc, found symbol in pc: org/springframework/http/HttpStatus# (full report at: "C:\Users\EbrimaMbye\Desktop\A_Teaching\binta\FINAL PROJECT - PROGRAMMING II\Hospital_management_System\.metals\.reports\metals-full\2026-01-20\r_empty-definition_12-20-19-747.md")
2026.01.20 12:20:19 INFO  no build target found for C:\Users\EbrimaMbye\Desktop\A_Teaching\binta\FINAL PROJECT - PROGRAMMING II\Hospital_management_System\hospital_mangement_system\src\main\java\com\group8\hospital_mangement_system\controller\DepartmentController.java. Using fallback presentation compiler.
2026.01.20 12:20:23 INFO  Created report: Optional[file:///C:/Users/EbrimaMbye/Desktop/A_Teaching/binta/FINAL%20PROJECT%20-%20PROGRAMMING%20II/Hospital_management_System/hospital_mangement_system/src/main/java/com/group8/hospital_mangement_system/controller/DepartmentController.java]
2026.01.20 12:20:23 INFO  empty definition using pc, found symbol in pc: org/springframework/http/ResponseEntity# (full report at: "C:\Users\EbrimaMbye\Desktop\A_Teaching\binta\FINAL PROJECT - PROGRAMMING II\Hospital_management_System\.metals\.reports\metals-full\2026-01-20\r_empty-definition_12-20-23-097.md")
2026.01.20 12:20:23 INFO  no build target found for C:\Users\EbrimaMbye\Desktop\A_Teaching\binta\FINAL PROJECT - PROGRAMMING II\Hospital_management_System\hospital_mangement_system\src\main\java\com\group8\hospital_mangement_system\controller\DepartmentController.java. Using fallback presentation compiler.
2026.01.20 12:20:23 INFO  Created report: Optional[file:///C:/Users/EbrimaMbye/Desktop/A_Teaching/binta/FINAL%20PROJECT%20-%20PROGRAMMING%20II/Hospital_management_System/hospital_mangement_system/src/main/java/com/group8/hospital_mangement_system/controller/DepartmentController.java]
2026.01.20 12:20:23 INFO  empty definition using pc, found symbol in pc: org/springframework/validation/annotation/Validated# (full report at: "C:\Users\EbrimaMbye\Desktop\A_Teaching\binta\FINAL PROJECT - PROGRAMMING II\Hospital_management_System\.metals\.reports\metals-full\2026-01-20\r_empty-definition_12-20-23-523.md")
2026.01.20 12:20:23 INFO  no build target found for C:\Users\EbrimaMbye\Desktop\A_Teaching\binta\FINAL PROJECT - PROGRAMMING II\Hospital_management_System\hospital_mangement_system\src\main\java\com\group8\hospital_mangement_system\controller\DepartmentController.java. Using fallback presentation compiler.
2026.01.20 12:20:23 INFO  no build target found for C:\Users\EbrimaMbye\Desktop\A_Teaching\binta\FINAL PROJECT - PROGRAMMING II\Hospital_management_System\hospital_mangement_system\src\main\java\com\group8\hospital_mangement_system\controller\DepartmentController.java. Using fallback presentation compiler.
2026.01.20 12:20:24 INFO  Created report: Optional[file:///C:/Users/EbrimaMbye/Desktop/A_Teaching/binta/FINAL%20PROJECT%20-%20PROGRAMMING%20II/Hospital_management_System/hospital_mangement_system/src/main/java/com/group8/hospital_mangement_system/controller/DepartmentController.java]
2026.01.20 12:20:24 INFO  empty definition using pc, found symbol in pc: java/util/List# (full report at: "C:\Users\EbrimaMbye\Desktop\A_Teaching\binta\FINAL PROJECT - PROGRAMMING II\Hospital_management_System\.metals\.reports\metals-full\2026-01-20\r_empty-definition_12-20-24-337.md")
2026.01.20 12:20:33 INFO  no build target found for C:\Users\EbrimaMbye\Desktop\A_Teaching\binta\FINAL PROJECT - PROGRAMMING II\Hospital_management_System\hospital_mangement_system\src\main\java\com\group8\hospital_mangement_system\model\Department.java. Using fallback presentation compiler.
2026.01.20 12:20:47 INFO  no build target found for C:\Users\EbrimaMbye\Desktop\A_Teaching\binta\FINAL PROJECT - PROGRAMMING II\Hospital_management_System\hospital_mangement_system\src\main\java\com\group8\hospital_mangement_system\controller\DepartmentController.java. Using fallback presentation compiler.
2026.01.20 12:21:12 WARN  no build target for: C:\Users\EbrimaMbye\Desktop\A_Teaching\binta\FINAL PROJECT - PROGRAMMING II\Hospital_management_System\hospital_mangement_system\src\test\java\com\group8\hospital_mangement_system\HospitalMangementSystemApplicationTests.java
2026.01.20 12:21:12 WARN  Running javac-semanticdb failed for file:///C:/Users/EbrimaMbye/Desktop/A_Teaching/binta/FINAL%20PROJECT%20-%20PROGRAMMING%20II/Hospital_management_System/hospital_mangement_system/src/test/java/com/group8/hospital_mangement_system/HospitalMangementSystemApplicationTests.java. Output:

2026.01.20 12:21:12 INFO  no build target found for C:\Users\EbrimaMbye\Desktop\A_Teaching\binta\FINAL PROJECT - PROGRAMMING II\Hospital_management_System\hospital_mangement_system\src\test\java\com\group8\hospital_mangement_system\HospitalMangementSystemApplicationTests.java. Using fallback presentation compiler.
2026.01.20 12:21:12 INFO  no build target found for C:\Users\EbrimaMbye\Desktop\A_Teaching\binta\FINAL PROJECT - PROGRAMMING II\Hospital_management_System\hospital_mangement_system\src\test\java\com\group8\hospital_mangement_system\HospitalMangementSystemApplicationTests.java. Using fallback presentation compiler.
2026.01.20 12:21:13 INFO  no build target found for C:\Users\EbrimaMbye\Desktop\A_Teaching\binta\FINAL PROJECT - PROGRAMMING II\Hospital_management_System\hospital_mangement_system\src\test\java\com\group8\hospital_mangement_system\HospitalMangementSystemApplicationTests.java. Using fallback presentation compiler.
2026.01.20 12:21:13 WARN  no build target for: C:\Users\EbrimaMbye\Desktop\A_Teaching\binta\FINAL PROJECT - PROGRAMMING II\Hospital_management_System\hospital_mangement_system\src\test\java\com\group8\hospital_mangement_system\HospitalMangementSystemApplicationTests.java
2026.01.20 12:21:12 WARN  Running javac-semanticdb failed for file:///C:/Users/EbrimaMbye/Desktop/A_Teaching/binta/FINAL%20PROJECT%20-%20PROGRAMMING%20II/Hospital_management_System/hospital_mangement_system/src/test/java/com/group8/hospital_mangement_system/HospitalMangementSystemApplicationTests.java. Output:

2026.01.20 12:21:12 INFO  no build target found for C:\Users\EbrimaMbye\Desktop\A_Teaching\binta\FINAL PROJECT - PROGRAMMING II\Hospital_management_System\hospital_mangement_system\src\test\java\com\group8\hospital_mangement_system\HospitalMangementSystemApplicationTests.java. Using fallback presentation compiler.
2026.01.20 12:21:14 INFO  no build target found for C:\Users\EbrimaMbye\Desktop\A_Teaching\binta\FINAL PROJECT - PROGRAMMING II\Hospital_management_System\hospital_mangement_system\src\test\java\com\group8\hospital_mangement_system\HospitalMangementSystemApplicationTests.java. Using fallback presentation compiler.
2026.01.20 12:21:14 WARN  no build target for: C:\Users\EbrimaMbye\Desktop\A_Teaching\binta\FINAL PROJECT - PROGRAMMING II\Hospital_management_System\hospital_mangement_system\src\test\java\com\group8\hospital_mangement_system\HospitalMangementSystemApplicationTests.java
2026.01.20 12:21:14 WARN  Running javac-semanticdb failed for file:///C:/Users/EbrimaMbye/Desktop/A_Teaching/binta/FINAL%20PROJECT%20-%20PROGRAMMING%20II/Hospital_management_System/hospital_mangement_system/src/test/java/com/group8/hospital_mangement_system/HospitalMangementSystemApplicationTests.java. Output:

2026.01.20 12:21:14 INFO  no build target found for C:\Users\EbrimaMbye\Desktop\A_Teaching\binta\FINAL PROJECT - PROGRAMMING II\Hospital_management_System\hospital_mangement_system\src\test\java\com\group8\hospital_mangement_system\HospitalMangementSystemApplicationTests.java. Using fallback presentation compiler.
2026.01.20 12:21:14 INFO  no build target found for C:\Users\EbrimaMbye\Desktop\A_Teaching\binta\FINAL PROJECT - PROGRAMMING II\Hospital_management_System\hospital_mangement_system\src\test\java\com\group8\hospital_mangement_system\HospitalMangementSystemApplicationTests.java. Using fallback presentation compiler.
2026.01.20 12:21:14 WARN  no build target for: C:\Users\EbrimaMbye\Desktop\A_Teaching\binta\FINAL PROJECT - PROGRAMMING II\hospital_management_system_old\hospital_management_system\src\main\java\com\mamadou\hospital_management_system\controller\DoctorController.java
2026.01.20 12:21:14 WARN  Running javac-semanticdb failed for file:///C:/Users/EbrimaMbye/Desktop/A_Teaching/binta/FINAL%20PROJECT%20-%20PROGRAMMING%20II/hospital_management_system_old/hospital_management_system/src/main/java/com/mamadou/hospital_management_system/controller/DoctorController.java. Output:

2026.01.20 12:21:14 INFO  no build target found for C:\Users\EbrimaMbye\Desktop\A_Teaching\binta\FINAL PROJECT - PROGRAMMING II\hospital_management_system_old\hospital_management_system\src\main\java\com\mamadou\hospital_management_system\controller\DoctorController.java. Using fallback presentation compiler.
2026.01.20 12:21:15 INFO  no build target found for C:\Users\EbrimaMbye\Desktop\A_Teaching\binta\FINAL PROJECT - PROGRAMMING II\hospital_management_system_old\hospital_management_system\src\main\java\com\mamadou\hospital_management_system\controller\DoctorController.java. Using fallback presentation compiler.
2026.01.20 12:21:15 INFO  no build target found for C:\Users\EbrimaMbye\Desktop\A_Teaching\binta\FINAL PROJECT - PROGRAMMING II\hospital_management_system_old\hospital_management_system\src\main\java\com\mamadou\hospital_management_system\controller\DoctorController.java. Using fallback presentation compiler.
2026.01.20 12:21:16 WARN  no build target for: C:\Users\EbrimaMbye\Desktop\A_Teaching\binta\FINAL PROJECT - PROGRAMMING II\Hospital_management_System\hospital_mangement_system\src\test\java\com\group8\hospital_mangement_system\HospitalMangementSystemApplicationTests.java
2026.01.20 12:21:15 WARN  Running javac-semanticdb failed for file:///C:/Users/EbrimaMbye/Desktop/A_Teaching/binta/FINAL%20PROJECT%20-%20PROGRAMMING%20II/Hospital_management_System/hospital_mangement_system/src/test/java/com/group8/hospital_mangement_system/HospitalMangementSystemApplicationTests.java. Output:

2026.01.20 12:21:15 INFO  no build target found for C:\Users\EbrimaMbye\Desktop\A_Teaching\binta\FINAL PROJECT - PROGRAMMING II\Hospital_management_System\hospital_mangement_system\src\test\java\com\group8\hospital_mangement_system\HospitalMangementSystemApplicationTests.java. Using fallback presentation compiler.
2026.01.20 12:21:15 INFO  no build target found for C:\Users\EbrimaMbye\Desktop\A_Teaching\binta\FINAL PROJECT - PROGRAMMING II\Hospital_management_System\hospital_mangement_system\src\test\java\com\group8\hospital_mangement_system\HospitalMangementSystemApplicationTests.java. Using fallback presentation compiler.
2026.01.20 12:22:02 INFO  no build target found for C:\Users\EbrimaMbye\Desktop\A_Teaching\binta\FINAL PROJECT - PROGRAMMING II\Hospital_management_System\hospital_mangement_system\src\main\java\com\group8\hospital_mangement_system\controller\DepartmentController.java. Using fallback presentation compiler.
2026.01.20 12:22:02 INFO  no build target found for C:\Users\EbrimaMbye\Desktop\A_Teaching\binta\FINAL PROJECT - PROGRAMMING II\Hospital_management_System\hospital_mangement_system\src\main\java\com\group8\hospital_mangement_system\controller\DepartmentController.java. Using fallback presentation compiler.
2026.01.20 12:22:02 INFO  no build target found for C:\Users\EbrimaMbye\Desktop\A_Teaching\binta\FINAL PROJECT - PROGRAMMING II\Hospital_management_System\hospital_mangement_system\src\main\java\com\group8\hospital_mangement_system\controller\DepartmentController.java. Using fallback presentation compiler.
2026.01.20 12:22:20 INFO  no build target found for C:\Users\EbrimaMbye\Desktop\A_Teaching\binta\FINAL PROJECT - PROGRAMMING II\Hospital_management_System\hospital_mangement_system\src\main\java\com\group8\hospital_mangement_system\controller\DepartmentController.java. Using fallback presentation compiler.
2026.01.20 12:22:20 INFO  no build target found for C:\Users\EbrimaMbye\Desktop\A_Teaching\binta\FINAL PROJECT - PROGRAMMING II\Hospital_management_System\hospital_mangement_system\src\main\java\com\group8\hospital_mangement_system\controller\DepartmentController.java. Using fallback presentation compiler.
Jan 20, 2026 12:22:20 PM org.eclipse.lsp4j.jsonrpc.RemoteEndpoint handleCancellation
WARNING: Unmatched cancel notification for request id 73
2026.01.20 12:22:20 WARN  no build target for: C:\Users\EbrimaMbye\Desktop\A_Teaching\binta\FINAL PROJECT - PROGRAMMING II\Hospital_management_System\hospital_mangement_system\src\main\java\com\group8\hospital_mangement_system\model\Department.java
2026.01.20 12:22:21 WARN  Running javac-semanticdb failed for file:///C:/Users/EbrimaMbye/Desktop/A_Teaching/binta/FINAL%20PROJECT%20-%20PROGRAMMING%20II/Hospital_management_System/hospital_mangement_system/src/main/java/com/group8/hospital_mangement_system/model/Department.java. Output:

